<?xml version="1.0" encoding="UTF-8"?>
<testng-results skipped="0" failed="0" ignored="0" total="3" passed="3">
  <reporter-output>
  </reporter-output>
  <suite name="Default suite" duration-ms="17279" started-at="2021-05-26T13:05:41 IST" finished-at="2021-05-26T13:05:58 IST">
    <groups>
    </groups>
    <test name="Default test" duration-ms="17279" started-at="2021-05-26T13:05:41 IST" finished-at="2021-05-26T13:05:58 IST">
      <class name="com.udemy.assignment.AddToCart">
        <test-method status="PASS" signature="beforeTest()[pri:0, instance:com.udemy.assignment.AddToCart@5c072e3f]" name="beforeTest" is-config="true" duration-ms="3227" started-at="2021-05-26T13:05:41 IST" finished-at="2021-05-26T13:05:44 IST">
          <reporter-output>
          </reporter-output>
        </test-method> <!-- beforeTest -->
        <test-method status="PASS" signature="login()[pri:1, instance:com.udemy.assignment.AddToCart@5c072e3f]" name="login" duration-ms="1790" started-at="2021-05-26T13:05:44 IST" finished-at="2021-05-26T13:05:46 IST">
          <reporter-output>
          </reporter-output>
        </test-method> <!-- login -->
        <test-method status="PASS" signature="SearchProduct()[pri:2, instance:com.udemy.assignment.AddToCart@5c072e3f]" name="SearchProduct" duration-ms="4301" started-at="2021-05-26T13:05:46 IST" finished-at="2021-05-26T13:05:50 IST">
          <reporter-output>
          </reporter-output>
        </test-method> <!-- SearchProduct -->
        <test-method status="PASS" signature="AddtoCart()[pri:3, instance:com.udemy.assignment.AddToCart@5c072e3f]" name="AddtoCart" duration-ms="7912" started-at="2021-05-26T13:05:50 IST" finished-at="2021-05-26T13:05:58 IST">
          <reporter-output>
          </reporter-output>
        </test-method> <!-- AddtoCart -->
        <test-method status="PASS" signature="afterTest()[pri:0, instance:com.udemy.assignment.AddToCart@5c072e3f]" name="afterTest" is-config="true" duration-ms="0" started-at="2021-05-26T13:05:58 IST" finished-at="2021-05-26T13:05:58 IST">
          <reporter-output>
          </reporter-output>
        </test-method> <!-- afterTest -->
      </class> <!-- com.udemy.assignment.AddToCart -->
    </test> <!-- Default test -->
  </suite> <!-- Default suite -->
</testng-results>
