<?xml version="1.0" encoding="UTF-8"?>
<!-- Generated by org.testng.reporters.JUnitXMLReporter -->
<testsuite hostname="MSI" ignored="0" name="Default test" tests="3" failures="0" timestamp="2021-05-26T13:05:58 IST" time="17.279" errors="0">
  <testcase name="login" time="1.79" classname="com.udemy.assignment.AddToCart"/>
  <testcase name="SearchProduct" time="4.301" classname="com.udemy.assignment.AddToCart"/>
  <testcase name="AddtoCart" time="7.912" classname="com.udemy.assignment.AddToCart"/>
</testsuite> <!-- Default test -->
